
> @agentdeck/web@0.1.0 build C:\Projects\AgentDeck\apps\web
> tsc && vite build

[33mThe CJS build of Vite's Node API is deprecated. See https://vite.dev/guide/troubleshooting.html#vite-cjs-node-api-deprecated for more details.[39m
[36mvite v5.4.21 [32mbuilding for production...[36m[39m
transforming...
[32m✓[39m 76 modules transformed.
rendering chunks...
computing gzip size...
[2mdist/[22m[32mregisterSW.js              [39m[1m[2m  0.13 kB[22m[1m[22m
[2mdist/[22m[32mmanifest.webmanifest       [39m[1m[2m  0.36 kB[22m[1m[22m
[2mdist/[22m[32mindex.html                 [39m[1m[2m  1.07 kB[22m[1m[22m[2m │ gzip:   0.56 kB[22m
[2mdist/[22m[35massets/index-BL4yC8Yw.css  [39m[1m[2m 10.65 kB[22m[1m[22m[2m │ gzip:   3.44 kB[22m
[2mdist/[22m[36massets/index-BRSDU8lQ.js   [39m[1m[2m493.21 kB[22m[1m[22m[2m │ gzip: 136.96 kB[22m
[32m✓ built in 2.69s[39m

PWA v1.3.0
mode      generateSW
precache  7 entries (493.46 KiB)
files generated
  dist/sw.js
  dist/workbox-9c191d2f.js
